<?xml version="1.0" encoding="UTF-8"?>
<testng-results skipped="0" failed="0" ignored="0" total="1" passed="1">
  <reporter-output>
  </reporter-output>
  <suite name="Suite" duration-ms="84" started-at="2020-07-24T15:17:48 IST" finished-at="2020-07-24T15:17:48 IST">
    <groups>
    </groups>
    <test name="Test" duration-ms="84" started-at="2020-07-24T15:17:48 IST" finished-at="2020-07-24T15:17:48 IST">
      <class name="t1.test">
        <test-method status="PASS" signature="pre()[pri:0, instance:t1.test@31610302]" name="pre" duration-ms="16" started-at="2020-07-24T15:17:48 IST" finished-at="2020-07-24T15:17:48 IST">
          <reporter-output>
          </reporter-output>
        </test-method> <!-- pre -->
      </class> <!-- t1.test -->
    </test> <!-- Test -->
  </suite> <!-- Suite -->
</testng-results>
